<?xml version="1.0" encoding="UTF-8"?>
<!-- Generated by org.testng.reporters.JUnitReportReporter -->
<testsuite hostname="Praful" failures="0" tests="1" name="TestRunner.RunnerTest" time="18.261" errors="0" timestamp="11 Jan 2024 03:44:26 GMT" skipped="0">
  <testcase classname="TestRunner.RunnerTest" name="runScenario" time="18.261"/>
</testsuite> <!-- TestRunner.RunnerTest -->
