<?xml version="1.0" encoding="UTF-8"?>
<!-- Generated by org.testng.reporters.JUnitReportReporter -->
<testsuite hostname="Praful" failures="0" tests="1" name="TestRunner.RunnerTest" time="15.935" errors="0" timestamp="11 Jan 2024 04:22:41 GMT" skipped="0">
  <testcase classname="TestRunner.RunnerTest" name="runScenario" time="15.935"/>
</testsuite> <!-- TestRunner.RunnerTest -->
